2020-03-29 20:51:16.464 [INFO ] [restartedMain] [c.j.h.HackerRankApplication:55] - Starting HackerRankApplication on Ved with PID 6296 (C:\E_DRIVE\Workspaces\STS4_Work\hacker-rank-rest\target\classes started by BED in C:\E_DRIVE\Workspaces\STS4_Work\hacker-rank-rest)
2020-03-29 20:51:16.470 [DEBUG] [restartedMain] [c.j.h.HackerRankApplication:56] - Running with Spring Boot v2.2.6.RELEASE, Spring v5.2.5.RELEASE
2020-03-29 20:51:16.471 [INFO ] [restartedMain] [c.j.h.HackerRankApplication:651] - No active profile set, falling back to default profiles: default
2020-03-29 20:51:18.447 [INFO ] [restartedMain] [c.j.h.HackerRankApplication:61] - Started HackerRankApplication in 2.694 seconds (JVM running for 5.5)
2020-03-29 20:51:18.458 [INFO ] [restartedMain] [c.j.h.HackerRankApplication:23] - *****************************************************
2020-03-29 20:51:18.458 [INFO ] [restartedMain] [c.j.h.HackerRankApplication:24] - ************ Hacker Application Started. ************
2020-03-29 20:51:18.458 [INFO ] [restartedMain] [c.j.h.HackerRankApplication:25] - *****************************************************
2020-03-29 20:52:27.927 [INFO ] [http-nio-8080-exec-1] [USR=ALL_CUST] [c.j.h.h.CustomerHelper:55] - Total Customer Data: 2
2020-03-29 20:52:27.927 [DEBUG] [http-nio-8080-exec-1] [USR=ALL_CUST] [c.j.h.r.CustomerResource:56] - Get all customers: com.java.hacker.model.Customers@4ee766d4[customers=[com.java.hacker.model.Customer@281bdd10[CustId=1,FirstName=Ved,LastName=Singh,URI=/customer-mgmt/1], com.java.hacker.model.Customer@78f26dab[CustId=2,FirstName=Harry,LastName=Potter,URI=/customer-mgmt/2]]]
2020-03-29 20:52:42.945 [INFO ] [http-nio-8080-exec-3] [c.j.h.h.CustomerHelper:36] - Already Exist, No. of customers: 2
2020-03-29 20:52:42.946 [INFO ] [http-nio-8080-exec-3] [c.j.h.h.CustomerHelper:36] - Already Exist, No. of customers: 2
2020-03-29 20:52:42.947 [DEBUG] [http-nio-8080-exec-3] [USR=3] [c.j.h.r.CustomerResource:71] - Added customer: com.java.hacker.model.Customer@870f10c[CustId=3,FirstName=Ved,LastName=Singh 3,URI=/customer-mgmt/3]
2020-03-29 20:52:55.329 [INFO ] [http-nio-8080-exec-4] [c.j.h.h.CustomerHelper:36] - Already Exist, No. of customers: 3
2020-03-29 20:52:55.330 [INFO ] [http-nio-8080-exec-4] [c.j.h.r.CustomerResource:86] - Get Customer for CustomerId: 2
2020-03-29 20:53:25.261 [INFO ] [http-nio-8080-exec-5] [c.j.h.h.CustomerHelper:36] - Already Exist, No. of customers: 3
2020-03-29 20:53:25.262 [INFO ] [http-nio-8080-exec-5] [c.j.h.h.CustomerHelper:36] - Already Exist, No. of customers: 3
2020-03-29 20:53:25.263 [INFO ] [http-nio-8080-exec-5] [c.j.h.r.CustomerResource:120] - Customer deleted, CustomerId: 2
2020-03-29 20:55:33.558 [INFO ] [http-nio-8080-exec-8] [USR=ALL_CUST] [c.j.h.h.CustomerHelper:36] - Already Exist, No. of customers: 2
2020-03-29 20:55:33.559 [DEBUG] [http-nio-8080-exec-8] [USR=ALL_CUST] [c.j.h.r.CustomerResource:56] - Get all customers: com.java.hacker.model.Customers@68596142[customers=[com.java.hacker.model.Customer@281bdd10[CustId=1,FirstName=Ved,LastName=Singh,URI=/customer-mgmt/1], com.java.hacker.model.Customer@870f10c[CustId=3,FirstName=Ved,LastName=Singh 3,URI=/customer-mgmt/3]]]
2020-03-29 20:55:39.847 [INFO ] [http-nio-8080-exec-9] [c.j.h.h.CustomerHelper:36] - Already Exist, No. of customers: 2
2020-03-29 20:55:45.239 [INFO ] [http-nio-8080-exec-10] [c.j.h.h.CustomerHelper:36] - Already Exist, No. of customers: 2
2020-03-29 20:55:45.240 [INFO ] [http-nio-8080-exec-10] [c.j.h.h.CustomerHelper:36] - Already Exist, No. of customers: 2
2020-03-29 20:55:45.240 [DEBUG] [http-nio-8080-exec-10] [USR=3] [c.j.h.r.CustomerResource:71] - Added customer: com.java.hacker.model.Customer@6289b9de[CustId=3,FirstName=Ved,LastName=Singh 3,URI=/customer-mgmt/3]
2020-03-29 20:55:47.069 [INFO ] [http-nio-8080-exec-2] [c.j.h.h.CustomerHelper:36] - Already Exist, No. of customers: 2
2020-03-29 20:55:47.069 [INFO ] [http-nio-8080-exec-2] [c.j.h.h.CustomerHelper:36] - Already Exist, No. of customers: 2
2020-03-29 20:55:47.070 [DEBUG] [http-nio-8080-exec-2] [USR=3] [c.j.h.r.CustomerResource:71] - Added customer: com.java.hacker.model.Customer@613d8105[CustId=3,FirstName=Ved,LastName=Singh 3,URI=/customer-mgmt/3]
2020-03-29 20:55:56.945 [INFO ] [http-nio-8080-exec-1] [USR=ALL_CUST] [c.j.h.h.CustomerHelper:36] - Already Exist, No. of customers: 2
2020-03-29 20:55:56.946 [DEBUG] [http-nio-8080-exec-1] [USR=ALL_CUST] [c.j.h.r.CustomerResource:56] - Get all customers: com.java.hacker.model.Customers@1fb5e374[customers=[com.java.hacker.model.Customer@281bdd10[CustId=1,FirstName=Ved,LastName=Singh,URI=/customer-mgmt/1], com.java.hacker.model.Customer@613d8105[CustId=3,FirstName=Ved,LastName=Singh 3,URI=/customer-mgmt/3]]]
2020-03-29 20:56:00.397 [INFO ] [http-nio-8080-exec-3] [USR=3] [c.j.h.h.CustomerHelper:36] - Already Exist, No. of customers: 2
